#
# There is insufficient memory for the Java Runtime Environment to continue.
# Native memory allocation (mmap) failed to map 65536 bytes. Error detail: Failed to commit metaspace.
# Possible reasons:
#   The system is out of physical RAM or swap space
#   This process is running with CompressedOops enabled, and the Java Heap may be blocking the growth of the native heap
# Possible solutions:
#   Reduce memory load on the system
#   Increase physical memory or swap space
#   Check if swap backing store is full
#   Decrease Java heap size (-Xmx/-Xms)
#   Decrease number of Java threads
#   Decrease Java thread stack sizes (-Xss)
#   Set larger code cache with -XX:ReservedCodeCacheSize=
#   JVM is running with Unscaled Compressed Oops mode in which the Java heap is
#     placed in the first 4GB address space. The Java Heap base address is the
#     maximum limit for the native heap growth. Please use -XX:HeapBaseMinAddress
#     to set the Java Heap base and to place the Java Heap above 4GB virtual address.
# This output file may be truncated or incomplete.
#
#  Out of Memory Error (virtualSpaceNode.cpp:113), pid=10888, tid=6608
#
# JRE version: Java(TM) SE Runtime Environment (23.0+37) (build 23+37-2369)
# Java VM: Java HotSpot(TM) 64-Bit Server VM (23+37-2369, mixed mode, tiered, compressed oops, compressed class ptrs, g1 gc, windows-amd64)
# No core dump will be written. Minidumps are not enabled by default on client versions of Windows
#

---------------  S U M M A R Y ------------

Command Line: -javaagent:C:\Program Files\JetBrains\IntelliJ IDEA Community Edition 2024.3.5\lib\idea_rt.jar=58813 -Dfile.encoding=UTF-8 -Dsun.stdout.encoding=UTF-8 -Dsun.stderr.encoding=UTF-8 CollectionFrameWork.Map.HashMap.WeakHashMapDemo

Host: AMD Ryzen 5 5600H with Radeon Graphics         , 12 cores, 5G,  Windows 11 , 64 bit Build 26100 (10.0.26100.7309)
Time: Mon Dec 29 20:26:45 2025 India Standard Time elapsed time: 10.481959 seconds (0d 0h 0m 10s)

---------------  T H R E A D  ---------------

Current thread (0x000001d7ef87a620):  JavaThread "main"             [_thread_in_vm, id=6608, stack(0x0000000352c00000,0x0000000352d00000) (1024K)]

Stack: [0x0000000352c00000,0x0000000352d00000]
Native frames: (J=compiled Java code, j=interpreted, Vv=VM code, C=native code)
V  [jvm.dll+0x6e08a9]  (no source info available)
V  [jvm.dll+0x87da63]  (no source info available)
V  [jvm.dll+0x87feee]  (no source info available)
V  [jvm.dll+0x8805c3]  (no source info available)
V  [jvm.dll+0x27aee6]  (no source info available)
V  [jvm.dll+0x87966e]  (no source info available)
V  [jvm.dll+0x682025]  (no source info available)
V  [jvm.dll+0x68208a]  (no source info available)
V  [jvm.dll+0x6848ca]  (no source info available)
V  [jvm.dll+0x2219dc]  (no source info available)
V  [jvm.dll+0x682a3e]  (no source info available)
V  [jvm.dll+0x2123d8]  (no source info available)
V  [jvm.dll+0x212e71]  (no source info available)
V  [jvm.dll+0x20811e]  (no source info available)
V  [jvm.dll+0x5be6df]  (no source info available)
V  [jvm.dll+0x219b2b]  (no source info available)
V  [jvm.dll+0x7f30c0]  (no source info available)
V  [jvm.dll+0x7f4166]  (no source info available)
V  [jvm.dll+0x7f4774]  (no source info available)
V  [jvm.dll+0x7f43f8]  (no source info available)
V  [jvm.dll+0x2689cb]  (no source info available)
V  [jvm.dll+0x3d394a]  (no source info available)
C  0x000001d78753f126  (no source info available)

The last pc belongs to ldc_w (printed below).
Java frames: (J=compiled Java code, j=interpreted, Vv=VM code)
j  java.lang.invoke.DirectMethodHandle.shouldBeInitialized(Ljava/lang/invoke/MemberName;)Z+59 java.base@23
j  java.lang.invoke.DirectMethodHandle.preparedLambdaForm(Ljava/lang/invoke/MemberName;Z)Ljava/lang/invoke/LambdaForm;+131 java.base@23
j  java.lang.invoke.DirectMethodHandle.preparedLambdaForm(Ljava/lang/invoke/MemberName;)Ljava/lang/invoke/LambdaForm;+2 java.base@23
j  java.lang.invoke.DirectMethodHandle.make(BLjava/lang/Class;Ljava/lang/invoke/MemberName;Ljava/lang/Class;)Ljava/lang/invoke/DirectMethodHandle;+163 java.base@23
j  java.lang.invoke.MethodHandles$Lookup.getDirectMethodCommon(BLjava/lang/Class;Ljava/lang/invoke/MemberName;ZZLjava/lang/invoke/MethodHandles$Lookup;)Ljava/lang/invoke/MethodHandle;+220 java.base@23
j  java.lang.invoke.MethodHandles$Lookup.getDirectMethod(BLjava/lang/Class;Ljava/lang/invoke/MemberName;Ljava/lang/invoke/MethodHandles$Lookup;)Ljava/lang/invoke/MethodHandle;+14 java.base@23
j  java.lang.invoke.MethodHandles$Lookup.findStatic(Ljava/lang/Class;Ljava/lang/String;Ljava/lang/invoke/MethodType;)Ljava/lang/invoke/MethodHandle;+23 java.base@23
j  java.lang.invoke.MethodHandleImpl$1.findStatic(Ljava/lang/Class;Ljava/lang/String;Ljava/lang/invoke/MethodType;)Ljava/lang/invoke/MethodHandle;+6 java.base@23
j  jdk.internal.reflect.MethodHandleAccessorFactory.getDirectMethod(Ljava/lang/reflect/Method;Z)Ljava/lang/invoke/MethodHandle;+36 java.base@23
j  jdk.internal.reflect.MethodHandleAccessorFactory.newMethodAccessor(Ljava/lang/reflect/Method;Z)Ljdk/internal/reflect/MethodAccessorImpl;+41 java.base@23
j  jdk.internal.reflect.ReflectionFactory.newMethodAccessor(Ljava/lang/reflect/Method;Z)Ljdk/internal/reflect/MethodAccessor;+22 java.base@23
j  java.lang.reflect.Method.acquireMethodAccessor()Ljdk/internal/reflect/MethodAccessor;+38 java.base@23
j  java.lang.reflect.Method.invoke(Ljava/lang/Object;[Ljava/lang/Object;)Ljava/lang/Object;+75 java.base@23
j  java.lang.Class.getEnumConstantsShared()[Ljava/lang/Object;+49 java.base@23
j  java.lang.System$2.getEnumConstantsShared(Ljava/lang/Class;)[Ljava/lang/Enum;+1 java.base@23
j  java.util.EnumMap.getKeyUniverse(Ljava/lang/Class;)[Ljava/lang/Enum;+4 java.base@23
j  java.util.EnumMap.<init>(Ljava/lang/Class;)V+16 java.base@23
j  java.util.stream.StreamOpFlag.set(Ljava/util/stream/StreamOpFlag$Type;)Ljava/util/stream/StreamOpFlag$MaskBuilder;+10 java.base@23
j  java.util.stream.StreamOpFlag.<clinit>()V+11 java.base@23
v  ~StubRoutines::call_stub 0x000001d787530fcd
j  java.util.stream.StreamSupport.stream(Ljava/util/Spliterator;Z)Ljava/util/stream/Stream;+11 java.base@23
j  java.util.Collection.stream()Ljava/util/stream/Stream;+7 java.base@23
j  jdk.internal.module.DefaultRoots.compute(Ljava/lang/module/ModuleFinder;Ljava/lang/module/ModuleFinder;)Ljava/util/Set;+6 java.base@23
j  jdk.internal.module.ModuleBootstrap.boot2()Ljava/lang/ModuleLayer;+731 java.base@23
j  jdk.internal.module.ModuleBootstrap.boot()Ljava/lang/ModuleLayer;+64 java.base@23
j  java.lang.System.initPhase2(ZZ)I+0 java.base@23
v  ~StubRoutines::call_stub 0x000001d787530fcd
Lock stack of current Java thread (top to bottom):

ldc_w  19 ldc_w  [0x000001d78753f080, 0x000001d78753f330]  688 bytes
[MachCode]
  0x000001d78753f080: 4883 ec08 | c5fa 1104 | 24eb 1f48 | 83ec 10c5 | fb11 0424 | eb14 4883 | ec10 4889 | 0424 48c7 
  0x000001d78753f0a0: 4424 0800 | 0000 00eb | 0150 410f | b75d 010f | cbc1 eb10 | 488b 4de8 | 488b 4908 | 488b 4908 
  0x000001d78753f0c0: 488b 4108 | 0fb6 5418 | 0483 fa64 | 740e 83fa | 6774 0983 | fa07 0f85 | bd00 0000 | ba01 0000 
  0x000001d78753f0e0: 00e8 0500 | 0000 e9a8 | 0000 0048 | 8d44 2408 | 4c89 6dc0 | 498b cfc5 | f877 4989 | afb0 0300 
  0x000001d78753f100: 0049 8987 | a003 0000 | 4883 ec20 | 40f6 c40f | 0f84 1900 | 0000 4883 | ec08 48b8 | 3038 7985 
  0x000001d78753f120: fc7f 0000 | ffd0 4883 | c408 e90c | 0000 0048 | b830 3879 | 85fc 7f00 | 00ff d048 | 83c4 2049 
  0x000001d78753f140: c787 a003 | 0000 0000 | 0000 49c7 | 87b0 0300 | 0000 0000 | 0049 c787 | a803 0000 | 0000 0000 
  0x000001d78753f160: c5f8 7749 | 837f 0800 | 0f84 0500 | 0000 e94d | 1dff ff49 | 8b87 f803 | 0000 49c7 | 87f8 0300 
  0x000001d78753f180: 0000 0000 | 004c 8b6d | c04c 8b75 | c84e 8d74 | f500 c350 | e97c 0100 | 0083 fa04 | 7514 c5fa 
  0x000001d78753f1a0: 1044 d948 | 4883 ec08 | c5fa 1104 | 24e9 6301 | 0000 83fa | 0375 0a8b | 44d9 4850 | e954 0100 
  0x000001d78753f1c0: 00ba 1300 | 0000 e805 | 0000 00e9 | a800 0000 | 488d 4424 | 084c 896d | c049 8bcf | c5f8 7749 
  0x000001d78753f1e0: 89af b003 | 0000 4989 | 87a0 0300 | 0048 83ec | 2040 f6c4 | 0f0f 8419 | 0000 0048 | 83ec 0848 
  0x000001d78753f200: b8c0 5d79 | 85fc 7f00 | 00ff d048 | 83c4 08e9 | 0c00 0000 | 48b8 c05d | 7985 fc7f | 0000 ffd0 
  0x000001d78753f220: 4883 c420 | 49c7 87a0 | 0300 0000 | 0000 0049 | c787 b003 | 0000 0000 | 0000 49c7 | 87a8 0300 
  0x000001d78753f240: 0000 0000 | 00c5 f877 | 4983 7f08 | 000f 8405 | 0000 00e9 | 681c ffff | 498b 87f8 | 0300 0049 
  0x000001d78753f260: c787 f803 | 0000 0000 | 0000 4c8b | 6dc0 4c8b | 75c8 4e8d | 74f5 00c3 | 498b 8f00 | 0400 0049 
  0x000001d78753f280: c787 0004 | 0000 0000 | 0000 8bd9 | 81e3 ffff | 0000 c1e9 | 1c83 e10f | 83f9 0475 | 098b 0418 
  0x000001d78753f2a0: 50e9 6f00 | 0000 83f9 | 0675 13c5 | fa10 0418 | 4883 ec08 | c5fa 1104 | 24e9 5700 | 0000 83f9 
  0x000001d78753f2c0: 0375 0a0f | bf04 1850 | e948 0000 | 0083 f900 | 750a 0fbe | 0418 50e9 | 3900 0000 | 83f9 0275 
  0x000001d78753f2e0: 0a0f b704 | 1850 e92a | 0000 0083 | f901 750a | 0fbe 0418 | 50e9 1b00 | 0000 48b9 | e84a e385 
  0x000001d78753f300: fc7f 0000 | 4883 e4f0 | 48b8 604a | 9f85 fc7f | 0000 ffd0 | f441 0fb6 | 5d03 4983 | c503 49ba 
  0x000001d78753f320: 507e 0486 | fc7f 0000 | 41ff 24da | 0f1f 4000 
[/MachCode]

---------------  P R O C E S S  ---------------

Threads class SMR info:
_java_thread_list=0x000001d79303ea10, length=9, elements={
0x000001d7ef87a620, 0x000001d79301e3f0, 0x000001d79303fee0, 0x000001d79304ada0,
0x000001d79304b800, 0x000001d793042d40, 0x000001d7930437a0, 0x000001d79307e320,
0x000001d79309feb0
}

Java Threads: ( => current thread )
=>0x000001d7ef87a620 JavaThread "main"                              [_thread_in_vm, id=6608, stack(0x0000000352c00000,0x0000000352d00000) (1024K)]
  0x000001d79301e3f0 JavaThread "Reference Handler"          daemon [_thread_blocked, id=8264, stack(0x0000000353400000,0x0000000353500000) (1024K)]
  0x000001d79303fee0 JavaThread "Finalizer"                  daemon [_thread_blocked, id=9952, stack(0x0000000353500000,0x0000000353600000) (1024K)]
  0x000001d79304ada0 JavaThread "Signal Dispatcher"          daemon [_thread_blocked, id=12544, stack(0x0000000353600000,0x0000000353700000) (1024K)]
  0x000001d79304b800 JavaThread "Attach Listener"            daemon [_thread_blocked, id=10216, stack(0x0000000353700000,0x0000000353800000) (1024K)]
  0x000001d793042d40 JavaThread "Service Thread"             daemon [_thread_blocked, id=6060, stack(0x0000000353800000,0x0000000353900000) (1024K)]
  0x000001d7930437a0 JavaThread "Monitor Deflation Thread"   daemon [_thread_blocked, id=12072, stack(0x0000000353900000,0x0000000353a00000) (1024K)]
  0x000001d79307e320 JavaThread "C2 CompilerThread0"         daemon [_thread_blocked, id=17172, stack(0x0000000353a00000,0x0000000353b00000) (1024K)]
  0x000001d79309feb0 JavaThread "C1 CompilerThread0"         daemon [_thread_blocked, id=9620, stack(0x0000000353b00000,0x0000000353c00000) (1024K)]
Total: 9

Other Threads:
  0x000001d7ff3a2790 VMThread "VM Thread"                           [id=3432, stack(0x0000000353300000,0x0000000353400000) (1024K)]
  0x000001d7ff320350 WatcherThread "VM Periodic Task Thread"        [id=10608, stack(0x0000000353200000,0x0000000353300000) (1024K)]
  0x000001d7efba77a0 WorkerThread "GC Thread#0"                     [id=3092, stack(0x0000000352d00000,0x0000000352e00000) (1024K)]
  0x000001d7efbb7360 ConcurrentGCThread "G1 Main Marker"            [id=9912, stack(0x0000000352e00000,0x0000000352f00000) (1024K)]
  0x000001d7efbb8aa0 WorkerThread "G1 Conc#0"                       [id=14920, stack(0x0000000352f00000,0x0000000353000000) (1024K)]
  0x000001d7ff1f5d00 ConcurrentGCThread "G1 Refine#0"               [id=26220, stack(0x0000000353000000,0x0000000353100000) (1024K)]
  0x000001d7ff1f6530 ConcurrentGCThread "G1 Service"                [id=15272, stack(0x0000000353100000,0x0000000353200000) (1024K)]
Total: 7

Threads with active compile tasks:
Total: 0

VM state: not at safepoint (normal execution)

VM Mutex/Monitor currently owned by a thread:  ([mutex/lock_event])
[0x00007ffc86031890] Metaspace_lock - owner thread: 0x000001d7ef87a620

Heap address: 0x00000000a2400000, size: 1500 MB, Compressed Oops mode: 32-bit

CDS archive(s) not mapped
Compressed class space mapped at: 0x0000000036000000-0x0000000076000000, reserved size: 1073741824
Narrow klass base: 0x0000000000000000, Narrow klass shift: 0, Narrow klass range: 0x76000000

GC Precious Log:
 CardTable entry size: 512
 Card Set container configuration: InlinePtr #cards 5 size 8 Array Of Cards #cards 10 size 36 Howl #buckets 4 coarsen threshold 1843 Howl Bitmap #cards 512 size 80 coarsen threshold 460 Card regions per heap region 1 cards per card region 2048
 CPUs: 12 total, 12 available
 Memory: 5996M
 Large Page Support: Disabled
 NUMA Support: Disabled
 Compressed Oops: Enabled (32-bit)
 Heap Region Size: 1M
 Heap Min Capacity: 8M
 Heap Initial Capacity: 94M
 Heap Max Capacity: 1500M
 Pre-touch: Disabled
 Parallel Workers: 10
 Concurrent Workers: 3
 Concurrent Refinement Workers: 10
 Periodic GC: Disabled

Heap:
 garbage-first heap   total reserved 1536000K, committed 96256K, used 0K [0x00000000a2400000, 0x0000000100000000)
  region size 1024K, 1 young (1024K), 0 survivors (0K)
 Metaspace       used 4381K, committed 4416K, reserved 1114112K
  class space    used 349K, committed 384K, reserved 1048576K

Heap Regions: E=young(eden), S=young(survivor), O=old, HS=humongous(starts), HC=humongous(continues), CS=collection set, F=free, TAMS=top-at-mark-start, PB=parsable bottom
|   0|0x00000000a2400000, 0x00000000a2400000, 0x00000000a2500000|  0%| F|  |TAMS 0x00000000a2400000| PB 0x00000000a2400000| Untracked |  0
|   1|0x00000000a2500000, 0x00000000a2500000, 0x00000000a2600000|  0%| F|  |TAMS 0x00000000a2500000| PB 0x00000000a2500000| Untracked |  0
|   2|0x00000000a2600000, 0x00000000a2600000, 0x00000000a2700000|  0%| F|  |TAMS 0x00000000a2600000| PB 0x00000000a2600000| Untracked |  0
|   3|0x00000000a2700000, 0x00000000a2700000, 0x00000000a2800000|  0%| F|  |TAMS 0x00000000a2700000| PB 0x00000000a2700000| Untracked |  0
|   4|0x00000000a2800000, 0x00000000a2800000, 0x00000000a2900000|  0%| F|  |TAMS 0x00000000a2800000| PB 0x00000000a2800000| Untracked |  0
|   5|0x00000000a2900000, 0x00000000a2900000, 0x00000000a2a00000|  0%| F|  |TAMS 0x00000000a2900000| PB 0x00000000a2900000| Untracked |  0
|   6|0x00000000a2a00000, 0x00000000a2a00000, 0x00000000a2b00000|  0%| F|  |TAMS 0x00000000a2a00000| PB 0x00000000a2a00000| Untracked |  0
|   7|0x00000000a2b00000, 0x00000000a2b00000, 0x00000000a2c00000|  0%| F|  |TAMS 0x00000000a2b00000| PB 0x00000000a2b00000| Untracked |  0
|   8|0x00000000a2c00000, 0x00000000a2c00000, 0x00000000a2d00000|  0%| F|  |TAMS 0x00000000a2c00000| PB 0x00000000a2c00000| Untracked |  0
|   9|0x00000000a2d00000, 0x00000000a2d00000, 0x00000000a2e00000|  0%| F|  |TAMS 0x00000000a2d00000| PB 0x00000000a2d00000| Untracked |  0
|  10|0x00000000a2e00000, 0x00000000a2e00000, 0x00000000a2f00000|  0%| F|  |TAMS 0x00000000a2e00000| PB 0x00000000a2e00000| Untracked |  0
|  11|0x00000000a2f00000, 0x00000000a2f00000, 0x00000000a3000000|  0%| F|  |TAMS 0x00000000a2f00000| PB 0x00000000a2f00000| Untracked |  0
|  12|0x00000000a3000000, 0x00000000a3000000, 0x00000000a3100000|  0%| F|  |TAMS 0x00000000a3000000| PB 0x00000000a3000000| Untracked |  0
|  13|0x00000000a3100000, 0x00000000a3100000, 0x00000000a3200000|  0%| F|  |TAMS 0x00000000a3100000| PB 0x00000000a3100000| Untracked |  0
|  14|0x00000000a3200000, 0x00000000a3200000, 0x00000000a3300000|  0%| F|  |TAMS 0x00000000a3200000| PB 0x00000000a3200000| Untracked |  0
|  15|0x00000000a3300000, 0x00000000a3300000, 0x00000000a3400000|  0%| F|  |TAMS 0x00000000a3300000| PB 0x00000000a3300000| Untracked |  0
|  16|0x00000000a3400000, 0x00000000a3400000, 0x00000000a3500000|  0%| F|  |TAMS 0x00000000a3400000| PB 0x00000000a3400000| Untracked |  0
|  17|0x00000000a3500000, 0x00000000a3500000, 0x00000000a3600000|  0%| F|  |TAMS 0x00000000a3500000| PB 0x00000000a3500000| Untracked |  0
|  18|0x00000000a3600000, 0x00000000a3600000, 0x00000000a3700000|  0%| F|  |TAMS 0x00000000a3600000| PB 0x00000000a3600000| Untracked |  0
|  19|0x00000000a3700000, 0x00000000a3700000, 0x00000000a3800000|  0%| F|  |TAMS 0x00000000a3700000| PB 0x00000000a3700000| Untracked |  0
|  20|0x00000000a3800000, 0x00000000a3800000, 0x00000000a3900000|  0%| F|  |TAMS 0x00000000a3800000| PB 0x00000000a3800000| Untracked |  0
|  21|0x00000000a3900000, 0x00000000a3900000, 0x00000000a3a00000|  0%| F|  |TAMS 0x00000000a3900000| PB 0x00000000a3900000| Untracked |  0
|  22|0x00000000a3a00000, 0x00000000a3a00000, 0x00000000a3b00000|  0%| F|  |TAMS 0x00000000a3a00000| PB 0x00000000a3a00000| Untracked |  0
|  23|0x00000000a3b00000, 0x00000000a3b00000, 0x00000000a3c00000|  0%| F|  |TAMS 0x00000000a3b00000| PB 0x00000000a3b00000| Untracked |  0
|  24|0x00000000a3c00000, 0x00000000a3c00000, 0x00000000a3d00000|  0%| F|  |TAMS 0x00000000a3c00000| PB 0x00000000a3c00000| Untracked |  0
|  25|0x00000000a3d00000, 0x00000000a3d00000, 0x00000000a3e00000|  0%| F|  |TAMS 0x00000000a3d00000| PB 0x00000000a3d00000| Untracked |  0
|  26|0x00000000a3e00000, 0x00000000a3e00000, 0x00000000a3f00000|  0%| F|  |TAMS 0x00000000a3e00000| PB 0x00000000a3e00000| Untracked |  0
|  27|0x00000000a3f00000, 0x00000000a3f00000, 0x00000000a4000000|  0%| F|  |TAMS 0x00000000a3f00000| PB 0x00000000a3f00000| Untracked |  0
|  28|0x00000000a4000000, 0x00000000a4000000, 0x00000000a4100000|  0%| F|  |TAMS 0x00000000a4000000| PB 0x00000000a4000000| Untracked |  0
|  29|0x00000000a4100000, 0x00000000a4100000, 0x00000000a4200000|  0%| F|  |TAMS 0x00000000a4100000| PB 0x00000000a4100000| Untracked |  0
|  30|0x00000000a4200000, 0x00000000a4200000, 0x00000000a4300000|  0%| F|  |TAMS 0x00000000a4200000| PB 0x00000000a4200000| Untracked |  0
|  31|0x00000000a4300000, 0x00000000a4300000, 0x00000000a4400000|  0%| F|  |TAMS 0x00000000a4300000| PB 0x00000000a4300000| Untracked |  0
|  32|0x00000000a4400000, 0x00000000a4400000, 0x00000000a4500000|  0%| F|  |TAMS 0x00000000a4400000| PB 0x00000000a4400000| Untracked |  0
|  33|0x00000000a4500000, 0x00000000a4500000, 0x00000000a4600000|  0%| F|  |TAMS 0x00000000a4500000| PB 0x00000000a4500000| Untracked |  0
|  34|0x00000000a4600000, 0x00000000a4600000, 0x00000000a4700000|  0%| F|  |TAMS 0x00000000a4600000| PB 0x00000000a4600000| Untracked |  0
|  35|0x00000000a4700000, 0x00000000a4700000, 0x00000000a4800000|  0%| F|  |TAMS 0x00000000a4700000| PB 0x00000000a4700000| Untracked |  0
|  36|0x00000000a4800000, 0x00000000a4800000, 0x00000000a4900000|  0%| F|  |TAMS 0x00000000a4800000| PB 0x00000000a4800000| Untracked |  0
|  37|0x00000000a4900000, 0x00000000a4900000, 0x00000000a4a00000|  0%| F|  |TAMS 0x00000000a4900000| PB 0x00000000a4900000| Untracked |  0
|  38|0x00000000a4a00000, 0x00000000a4a00000, 0x00000000a4b00000|  0%| F|  |TAMS 0x00000000a4a00000| PB 0x00000000a4a00000| Untracked |  0
|  39|0x00000000a4b00000, 0x00000000a4b00000, 0x00000000a4c00000|  0%| F|  |TAMS 0x00000000a4b00000| PB 0x00000000a4b00000| Untracked |  0
|  40|0x00000000a4c00000, 0x00000000a4c00000, 0x00000000a4d00000|  0%| F|  |TAMS 0x00000000a4c00000| PB 0x00000000a4c00000| Untracked |  0
|  41|0x00000000a4d00000, 0x00000000a4d00000, 0x00000000a4e00000|  0%| F|  |TAMS 0x00000000a4d00000| PB 0x00000000a4d00000| Untracked |  0
|  42|0x00000000a4e00000, 0x00000000a4e00000, 0x00000000a4f00000|  0%| F|  |TAMS 0x00000000a4e00000| PB 0x00000000a4e00000| Untracked |  0
|  43|0x00000000a4f00000, 0x00000000a4f00000, 0x00000000a5000000|  0%| F|  |TAMS 0x00000000a4f00000| PB 0x00000000a4f00000| Untracked |  0
|  44|0x00000000a5000000, 0x00000000a5000000, 0x00000000a5100000|  0%| F|  |TAMS 0x00000000a5000000| PB 0x00000000a5000000| Untracked |  0
|  45|0x00000000a5100000, 0x00000000a5100000, 0x00000000a5200000|  0%| F|  |TAMS 0x00000000a5100000| PB 0x00000000a5100000| Untracked |  0
|  46|0x00000000a5200000, 0x00000000a5200000, 0x00000000a5300000|  0%| F|  |TAMS 0x00000000a5200000| PB 0x00000000a5200000| Untracked |  0
|  47|0x00000000a5300000, 0x00000000a5300000, 0x00000000a5400000|  0%| F|  |TAMS 0x00000000a5300000| PB 0x00000000a5300000| Untracked |  0
|  48|0x00000000a5400000, 0x00000000a5400000, 0x00000000a5500000|  0%| F|  |TAMS 0x00000000a5400000| PB 0x00000000a5400000| Untracked |  0
|  49|0x00000000a5500000, 0x00000000a5500000, 0x00000000a5600000|  0%| F|  |TAMS 0x00000000a5500000| PB 0x00000000a5500000| Untracked |  0
|  50|0x00000000a5600000, 0x00000000a5600000, 0x00000000a5700000|  0%| F|  |TAMS 0x00000000a5600000| PB 0x00000000a5600000| Untracked |  0
|  51|0x00000000a5700000, 0x00000000a5700000, 0x00000000a5800000|  0%| F|  |TAMS 0x00000000a5700000| PB 0x00000000a5700000| Untracked |  0
|  52|0x00000000a5800000, 0x00000000a5800000, 0x00000000a5900000|  0%| F|  |TAMS 0x00000000a5800000| PB 0x00000000a5800000| Untracked |  0
|  53|0x00000000a5900000, 0x00000000a5900000, 0x00000000a5a00000|  0%| F|  |TAMS 0x00000000a5900000| PB 0x00000000a5900000| Untracked |  0
|  54|0x00000000a5a00000, 0x00000000a5a00000, 0x00000000a5b00000|  0%| F|  |TAMS 0x00000000a5a00000| PB 0x00000000a5a00000| Untracked |  0
|  55|0x00000000a5b00000, 0x00000000a5b00000, 0x00000000a5c00000|  0%| F|  |TAMS 0x00000000a5b00000| PB 0x00000000a5b00000| Untracked |  0
|  56|0x00000000a5c00000, 0x00000000a5c00000, 0x00000000a5d00000|  0%| F|  |TAMS 0x00000000a5c00000| PB 0x00000000a5c00000| Untracked |  0
|  57|0x00000000a5d00000, 0x00000000a5d00000, 0x00000000a5e00000|  0%| F|  |TAMS 0x00000000a5d00000| PB 0x00000000a5d00000| Untracked |  0
|  58|0x00000000a5e00000, 0x00000000a5e00000, 0x00000000a5f00000|  0%| F|  |TAMS 0x00000000a5e00000| PB 0x00000000a5e00000| Untracked |  0
|  59|0x00000000a5f00000, 0x00000000a5f00000, 0x00000000a6000000|  0%| F|  |TAMS 0x00000000a5f00000| PB 0x00000000a5f00000| Untracked |  0
|  60|0x00000000a6000000, 0x00000000a6000000, 0x00000000a6100000|  0%| F|  |TAMS 0x00000000a6000000| PB 0x00000000a6000000| Untracked |  0
|  61|0x00000000a6100000, 0x00000000a6100000, 0x00000000a6200000|  0%| F|  |TAMS 0x00000000a6100000| PB 0x00000000a6100000| Untracked |  0
|  62|0x00000000a6200000, 0x00000000a6200000, 0x00000000a6300000|  0%| F|  |TAMS 0x00000000a6200000| PB 0x00000000a6200000| Untracked |  0
|  63|0x00000000a6300000, 0x00000000a6300000, 0x00000000a6400000|  0%| F|  |TAMS 0x00000000a6300000| PB 0x00000000a6300000| Untracked |  0
|  64|0x00000000a6400000, 0x00000000a6400000, 0x00000000a6500000|  0%| F|  |TAMS 0x00000000a6400000| PB 0x00000000a6400000| Untracked |  0
|  65|0x00000000a6500000, 0x00000000a6500000, 0x00000000a6600000|  0%| F|  |TAMS 0x00000000a6500000| PB 0x00000000a6500000| Untracked |  0
|  66|0x00000000a6600000, 0x00000000a6600000, 0x00000000a6700000|  0%| F|  |TAMS 0x00000000a6600000| PB 0x00000000a6600000| Untracked |  0
|  67|0x00000000a6700000, 0x00000000a6700000, 0x00000000a6800000|  0%| F|  |TAMS 0x00000000a6700000| PB 0x00000000a6700000| Untracked |  0
|  68|0x00000000a6800000, 0x00000000a6800000, 0x00000000a6900000|  0%| F|  |TAMS 0x00000000a6800000| PB 0x00000000a6800000| Untracked |  0
|  69|0x00000000a6900000, 0x00000000a6900000, 0x00000000a6a00000|  0%| F|  |TAMS 0x00000000a6900000| PB 0x00000000a6900000| Untracked |  0
|  70|0x00000000a6a00000, 0x00000000a6a00000, 0x00000000a6b00000|  0%| F|  |TAMS 0x00000000a6a00000| PB 0x00000000a6a00000| Untracked |  0
|  71|0x00000000a6b00000, 0x00000000a6b00000, 0x00000000a6c00000|  0%| F|  |TAMS 0x00000000a6b00000| PB 0x00000000a6b00000| Untracked |  0
|  72|0x00000000a6c00000, 0x00000000a6c00000, 0x00000000a6d00000|  0%| F|  |TAMS 0x00000000a6c00000| PB 0x00000000a6c00000| Untracked |  0
|  73|0x00000000a6d00000, 0x00000000a6d00000, 0x00000000a6e00000|  0%| F|  |TAMS 0x00000000a6d00000| PB 0x00000000a6d00000| Untracked |  0
|  74|0x00000000a6e00000, 0x00000000a6e00000, 0x00000000a6f00000|  0%| F|  |TAMS 0x00000000a6e00000| PB 0x00000000a6e00000| Untracked |  0
|  75|0x00000000a6f00000, 0x00000000a6f00000, 0x00000000a7000000|  0%| F|  |TAMS 0x00000000a6f00000| PB 0x00000000a6f00000| Untracked |  0
|  76|0x00000000a7000000, 0x00000000a7000000, 0x00000000a7100000|  0%| F|  |TAMS 0x00000000a7000000| PB 0x00000000a7000000| Untracked |  0
|  77|0x00000000a7100000, 0x00000000a7100000, 0x00000000a7200000|  0%| F|  |TAMS 0x00000000a7100000| PB 0x00000000a7100000| Untracked |  0
|  78|0x00000000a7200000, 0x00000000a7200000, 0x00000000a7300000|  0%| F|  |TAMS 0x00000000a7200000| PB 0x00000000a7200000| Untracked |  0
|  79|0x00000000a7300000, 0x00000000a7300000, 0x00000000a7400000|  0%| F|  |TAMS 0x00000000a7300000| PB 0x00000000a7300000| Untracked |  0
|  80|0x00000000a7400000, 0x00000000a7400000, 0x00000000a7500000|  0%| F|  |TAMS 0x00000000a7400000| PB 0x00000000a7400000| Untracked |  0
|  81|0x00000000a7500000, 0x00000000a7500000, 0x00000000a7600000|  0%| F|  |TAMS 0x00000000a7500000| PB 0x00000000a7500000| Untracked |  0
|  82|0x00000000a7600000, 0x00000000a7600000, 0x00000000a7700000|  0%| F|  |TAMS 0x00000000a7600000| PB 0x00000000a7600000| Untracked |  0
|  83|0x00000000a7700000, 0x00000000a7700000, 0x00000000a7800000|  0%| F|  |TAMS 0x00000000a7700000| PB 0x00000000a7700000| Untracked |  0
|  84|0x00000000a7800000, 0x00000000a7800000, 0x00000000a7900000|  0%| F|  |TAMS 0x00000000a7800000| PB 0x00000000a7800000| Untracked |  0
|  85|0x00000000a7900000, 0x00000000a7900000, 0x00000000a7a00000|  0%| F|  |TAMS 0x00000000a7900000| PB 0x00000000a7900000| Untracked |  0
|  86|0x00000000a7a00000, 0x00000000a7a00000, 0x00000000a7b00000|  0%| F|  |TAMS 0x00000000a7a00000| PB 0x00000000a7a00000| Untracked |  0
|  87|0x00000000a7b00000, 0x00000000a7b00000, 0x00000000a7c00000|  0%| F|  |TAMS 0x00000000a7b00000| PB 0x00000000a7b00000| Untracked |  0
|  88|0x00000000a7c00000, 0x00000000a7c00000, 0x00000000a7d00000|  0%| F|  |TAMS 0x00000000a7c00000| PB 0x00000000a7c00000| Untracked |  0
|  89|0x00000000a7d00000, 0x00000000a7d00000, 0x00000000a7e00000|  0%| F|  |TAMS 0x00000000a7d00000| PB 0x00000000a7d00000| Untracked |  0
|  90|0x00000000a7e00000, 0x00000000a7e00000, 0x00000000a7f00000|  0%| F|  |TAMS 0x00000000a7e00000| PB 0x00000000a7e00000| Untracked |  0
|  91|0x00000000a7f00000, 0x00000000a7f00000, 0x00000000a8000000|  0%| F|  |TAMS 0x00000000a7f00000| PB 0x00000000a7f00000| Untracked |  0
|  92|0x00000000a8000000, 0x00000000a8000000, 0x00000000a8100000|  0%| F|  |TAMS 0x00000000a8000000| PB 0x00000000a8000000| Untracked |  0
|  93|0x00000000a8100000, 0x00000000a8200000, 0x00000000a8200000|100%| E|  |TAMS 0x00000000a8100000| PB 0x00000000a8100000| Complete |  0

Card table byte_map: [0x000001d7fac50000,0x000001d7faf40000] _byte_map_base: 0x000001d7fa73e000

Marking Bits: (CMBitMap*) 0x000001d7efba7dc0
 Bits: [0x000001d7faf40000, 0x000001d7fc6b0000)

Polling page: 0x000001d7f9b50000

Metaspace:

Usage:
  Non-class:      3.94 MB used.
      Class:    349.77 KB used.
       Both:      4.28 MB used.

Virtual space:
  Non-class space:       64.00 MB reserved,       3.94 MB (  6%) committed,  1 nodes.
      Class space:        1.00 GB reserved,     384.00 KB ( <1%) committed,  1 nodes.
             Both:        1.06 GB reserved,       4.31 MB ( <1%) committed. 

Chunk freelists:
   Non-Class:  12.00 MB
       Class:  15.62 MB
        Both:  27.62 MB

MaxMetaspaceSize: unlimited
CompressedClassSpaceSize: 1.00 GB
Initial GC threshold: 21.00 MB
Current GC threshold: 21.00 MB
CDS: off
 - commit_granule_bytes: 65536.
 - commit_granule_words: 8192.
 - virtual_space_node_default_size: 8388608.
 - enlarge_chunks_in_place: 1.
 - use_allocation_guard: 0.


Internal statistics:

num_allocs_failed_limit: 0.
num_arena_births: 2.
num_arena_deaths: 0.
num_vsnodes_births: 2.
num_vsnodes_deaths: 0.
num_space_committed: 69.
num_space_uncommitted: 0.
num_chunks_returned_to_freelist: 0.
num_chunks_taken_from_freelist: 4.
num_chunk_merges: 0.
num_chunk_splits: 2.
num_chunks_enlarged: 0.
num_inconsistent_stats: 0.

CodeHeap 'non-profiled nmethods': size=120064Kb used=7Kb max_used=7Kb free=120056Kb
 bounds [0x000001d787ac0000, 0x000001d787d30000, 0x000001d78f000000]
CodeHeap 'profiled nmethods': size=120000Kb used=38Kb max_used=38Kb free=119961Kb
 bounds [0x000001d780000000, 0x000001d780270000, 0x000001d787530000]
CodeHeap 'non-nmethods': size=5696Kb used=1198Kb max_used=1198Kb free=4498Kb
 bounds [0x000001d787530000, 0x000001d7877a0000, 0x000001d787ac0000]
CodeCache: size=245760Kb, used=1243Kb, max_used=1243Kb, free=244515Kb
 total_blobs=371, nmethods=41, adapters=236, full_count=0
Compilation: enabled, stopped_count=0, restarted_count=0

Compilation events (20 events):
Event: 8.449 Thread 0x000001d79309feb0   30       3       jdk.internal.util.Preconditions::checkIndex (18 bytes)
Event: 8.450 Thread 0x000001d79309feb0 nmethod 30 0x000001d780007288 code [0x000001d7800073a0, 0x000001d780007528]
Event: 8.450 Thread 0x000001d79309feb0   31       1       java.lang.module.ModuleReference::descriptor (5 bytes)
Event: 8.450 Thread 0x000001d79309feb0 nmethod 31 0x000001d787ac1208 code [0x000001d787ac1320, 0x000001d787ac13e8]
Event: 8.458 Thread 0x000001d79309feb0   32       3       java.lang.String::isEmpty (14 bytes)
Event: 8.458 Thread 0x000001d79309feb0 nmethod 32 0x000001d780007588 code [0x000001d7800076a0, 0x000001d780007808]
Event: 8.460 Thread 0x000001d79309feb0   33       3       java.util.ImmutableCollections$SetN$SetNIterator::hasNext (13 bytes)
Event: 8.461 Thread 0x000001d79309feb0 nmethod 33 0x000001d780007888 code [0x000001d7800079a0, 0x000001d780007af8]
Event: 8.461 Thread 0x000001d79309feb0   36       3       java.util.concurrent.ConcurrentHashMap::tabAt (22 bytes)
Event: 8.461 Thread 0x000001d79309feb0 nmethod 36 0x000001d780007b88 code [0x000001d780007ca0, 0x000001d780007f28]
Event: 8.461 Thread 0x000001d79309feb0   41       3       java.util.ImmutableCollections$SetN$SetNIterator::next (90 bytes)
Event: 8.461 Thread 0x000001d79309feb0 nmethod 41 0x000001d780007f88 code [0x000001d7800080c0, 0x000001d7800083b0]
Event: 8.461 Thread 0x000001d79309feb0   39       3       java.util.ImmutableCollections$SetN::iterator (9 bytes)
Event: 8.461 Thread 0x000001d79309feb0 nmethod 39 0x000001d780008408 code [0x000001d780008520, 0x000001d7800086b8]
Event: 8.461 Thread 0x000001d79309feb0   40       3       java.util.ImmutableCollections$SetN$SetNIterator::<init> (36 bytes)
Event: 8.461 Thread 0x000001d79309feb0 nmethod 40 0x000001d780008708 code [0x000001d780008820, 0x000001d780008a18]
Event: 8.461 Thread 0x000001d79309feb0   37       3       jdk.internal.misc.Unsafe::getReferenceAcquire (7 bytes)
Event: 8.462 Thread 0x000001d79309feb0 nmethod 37 0x000001d780008a88 code [0x000001d780008ba0, 0x000001d780008cf8]
Event: 8.462 Thread 0x000001d79309feb0   38       3       java.util.concurrent.ConcurrentHashMap::addCount (280 bytes)
Event: 8.463 Thread 0x000001d79309feb0 nmethod 38 0x000001d780008d88 code [0x000001d780008f60, 0x000001d7800097f8]

GC Heap History (0 events):
No events

Dll operation events (2 events):
Event: 0.012 Loaded shared library C:\Program Files\Java\jdk-23\bin\java.dll
Event: 6.415 Loaded shared library C:\Program Files\Java\jdk-23\bin\jsvml.dll

Deoptimization events (0 events):
No events

Classes loaded (20 events):
Event: 8.473 Loading class java/lang/constant/MethodHandleDesc$1 done
Event: 8.473 Loading class jdk/internal/constant/DirectMethodHandleDescImpl
Event: 8.473 Loading class java/lang/constant/DirectMethodHandleDesc
Event: 8.473 Loading class java/lang/constant/DirectMethodHandleDesc done
Event: 8.473 Loading class jdk/internal/constant/DirectMethodHandleDescImpl done
Event: 8.473 Loading class jdk/internal/constant/ConstantUtils
Event: 8.474 Loading class jdk/internal/constant/ConstantUtils done
Event: 8.474 Loading class jdk/internal/constant/DirectMethodHandleDescImpl$1
Event: 8.474 Loading class jdk/internal/constant/DirectMethodHandleDescImpl$1 done
Event: 8.474 Loading class jdk/internal/constant/PrimitiveClassDescImpl
Event: 8.474 Loading class java/lang/constant/DynamicConstantDesc
Event: 8.474 Loading class java/lang/constant/DynamicConstantDesc done
Event: 8.474 Loading class jdk/internal/constant/PrimitiveClassDescImpl done
Event: 8.474 Loading class java/lang/constant/DynamicConstantDesc$AnonymousDynamicConstantDesc
Event: 8.474 Loading class java/lang/constant/DynamicConstantDesc$AnonymousDynamicConstantDesc done
Event: 8.474 Loading class java/lang/Void
Event: 8.474 Loading class java/lang/Void done
Event: 8.474 Loading class java/lang/invoke/DirectMethodHandle$Holder
Event: 8.475 Loading class java/lang/invoke/DirectMethodHandle$Holder done
Event: 8.475 Loading class sun/invoke/util/ValueConversions

Classes unloaded (0 events):
No events

Classes redefined (0 events):
No events

Internal exceptions (0 events):
No events

VM Operations (0 events):
No events

Memory protections (0 events):
No events

Nmethod flushes (0 events):
No events

Events (9 events):
Event: 4.310 Thread 0x000001d7ef87a620 Thread added: 0x000001d7ef87a620
Event: 6.411 Thread 0x000001d7ef87a620 Thread added: 0x000001d79301e3f0
Event: 6.412 Thread 0x000001d7ef87a620 Thread added: 0x000001d79303fee0
Event: 6.413 Thread 0x000001d7ef87a620 Thread added: 0x000001d79304ada0
Event: 6.413 Thread 0x000001d7ef87a620 Thread added: 0x000001d79304b800
Event: 6.413 Thread 0x000001d7ef87a620 Thread added: 0x000001d793042d40
Event: 6.413 Thread 0x000001d7ef87a620 Thread added: 0x000001d7930437a0
Event: 6.414 Thread 0x000001d7ef87a620 Thread added: 0x000001d79307e320
Event: 6.414 Thread 0x000001d7ef87a620 Thread added: 0x000001d79309feb0


Dynamic libraries:
0x00007ff710450000 - 0x00007ff710460000 	C:\Program Files\Java\jdk-23\bin\java.exe
0x00007ffd4eaa0000 - 0x00007ffd4ed07000 	C:\WINDOWS\SYSTEM32\ntdll.dll
0x00007ffd4daf0000 - 0x00007ffd4dbb9000 	C:\WINDOWS\System32\KERNEL32.DLL
0x00007ffd4c440000 - 0x00007ffd4c82f000 	C:\WINDOWS\System32\KERNELBASE.dll
0x00007ffd4bea0000 - 0x00007ffd4bfeb000 	C:\WINDOWS\System32\ucrtbase.dll
0x00007ffd47a40000 - 0x00007ffd47a57000 	C:\Program Files\Java\jdk-23\bin\jli.dll
0x00007ffd3dc00000 - 0x00007ffd3dc1b000 	C:\Program Files\Java\jdk-23\bin\VCRUNTIME140.dll
0x00007ffd4e890000 - 0x00007ffd4ea55000 	C:\WINDOWS\System32\USER32.dll
0x00007ffd3b520000 - 0x00007ffd3b7b3000 	C:\WINDOWS\WinSxS\amd64_microsoft.windows.common-controls_6595b64144ccf1df_6.0.26100.7309_none_3e05feeae336a044\COMCTL32.dll
0x00007ffd4bff0000 - 0x00007ffd4c017000 	C:\WINDOWS\System32\win32u.dll
0x00007ffd4dce0000 - 0x00007ffd4dd0b000 	C:\WINDOWS\System32\GDI32.dll
0x00007ffd4d990000 - 0x00007ffd4da39000 	C:\WINDOWS\System32\msvcrt.dll
0x00007ffd4bbf0000 - 0x00007ffd4bd1c000 	C:\WINDOWS\System32\gdi32full.dll
0x00007ffd4c160000 - 0x00007ffd4c203000 	C:\WINDOWS\System32\msvcp_win.dll
0x00007ffd4dd10000 - 0x00007ffd4dd41000 	C:\WINDOWS\System32\IMM32.DLL
0x00007ffd47ac0000 - 0x00007ffd47acc000 	C:\Program Files\Java\jdk-23\bin\vcruntime140_1.dll
0x00007ffd38e70000 - 0x00007ffd38efe000 	C:\Program Files\Java\jdk-23\bin\msvcp140.dll
0x00007ffc853c0000 - 0x00007ffc8610f000 	C:\Program Files\Java\jdk-23\bin\server\jvm.dll
0x00007ffd4d8d0000 - 0x00007ffd4d984000 	C:\WINDOWS\System32\ADVAPI32.dll
0x00007ffd4e0f0000 - 0x00007ffd4e196000 	C:\WINDOWS\System32\sechost.dll
0x00007ffd4dd50000 - 0x00007ffd4de68000 	C:\WINDOWS\System32\RPCRT4.dll
0x00007ffd4d570000 - 0x00007ffd4d5e4000 	C:\WINDOWS\System32\WS2_32.dll
0x00007ffd4ba70000 - 0x00007ffd4bace000 	C:\WINDOWS\SYSTEM32\POWRPROF.dll
0x00007ffd43370000 - 0x00007ffd4337b000 	C:\WINDOWS\SYSTEM32\VERSION.dll
0x00007ffd43330000 - 0x00007ffd43365000 	C:\WINDOWS\SYSTEM32\WINMM.dll
0x00007ffd4ba50000 - 0x00007ffd4ba64000 	C:\WINDOWS\SYSTEM32\UMPDC.dll
0x00007ffd4a970000 - 0x00007ffd4a98b000 	C:\WINDOWS\SYSTEM32\kernel.appcore.dll
0x00007ffd47a10000 - 0x00007ffd47a1a000 	C:\Program Files\Java\jdk-23\bin\jimage.dll
0x00007ffd49550000 - 0x00007ffd49792000 	C:\WINDOWS\SYSTEM32\DBGHELP.DLL
0x00007ffd4e1b0000 - 0x00007ffd4e535000 	C:\WINDOWS\System32\combase.dll
0x00007ffd4e010000 - 0x00007ffd4e0e6000 	C:\WINDOWS\System32\OLEAUT32.dll
0x00007ffd22900000 - 0x00007ffd2293c000 	C:\WINDOWS\SYSTEM32\dbgcore.DLL
0x00007ffd4c020000 - 0x00007ffd4c0c5000 	C:\WINDOWS\System32\bcryptPrimitives.dll
0x00007ffd45730000 - 0x00007ffd4573f000 	C:\Program Files\Java\jdk-23\bin\instrument.dll
0x00007ffd38e50000 - 0x00007ffd38e6e000 	C:\Program Files\Java\jdk-23\bin\java.dll
0x00007ffd4d730000 - 0x00007ffd4d8c7000 	C:\WINDOWS\System32\ole32.dll
0x00007ffd4c980000 - 0x00007ffd4d0d3000 	C:\WINDOWS\System32\SHELL32.dll
0x00007ffd4c2d0000 - 0x00007ffd4c43a000 	C:\WINDOWS\System32\wintypes.dll
0x00007ffd497d0000 - 0x00007ffd4a02e000 	C:\WINDOWS\SYSTEM32\windows.storage.dll
0x00007ffd4c840000 - 0x00007ffd4c935000 	C:\WINDOWS\System32\SHCORE.dll
0x00007ffd4dc20000 - 0x00007ffd4dc86000 	C:\WINDOWS\System32\shlwapi.dll
0x00007ffd4bb10000 - 0x00007ffd4bb39000 	C:\WINDOWS\SYSTEM32\profapi.dll
0x00007ffd38d70000 - 0x00007ffd38e47000 	C:\Program Files\Java\jdk-23\bin\jsvml.dll

dbghelp: loaded successfully - version: 4.0.5 - missing functions: none
symbol engine: initialized successfully - sym options: 0x614 - pdb path: .;C:\Program Files\Java\jdk-23\bin;C:\WINDOWS\SYSTEM32;C:\WINDOWS\WinSxS\amd64_microsoft.windows.common-controls_6595b64144ccf1df_6.0.26100.7309_none_3e05feeae336a044;C:\Program Files\Java\jdk-23\bin\server

VM Arguments:
jvm_args: -javaagent:C:\Program Files\JetBrains\IntelliJ IDEA Community Edition 2024.3.5\lib\idea_rt.jar=58813 -Dfile.encoding=UTF-8 -Dsun.stdout.encoding=UTF-8 -Dsun.stderr.encoding=UTF-8 
java_command: CollectionFrameWork.Map.HashMap.WeakHashMapDemo
java_class_path (initial): C:\Users\Sarthak\IdeaProjects\DSAinJAVA\out\production\DSAinJAVA
Launcher Type: SUN_STANDARD

[Global flags]
     intx CICompilerCount                          = 4                                         {product} {ergonomic}
     uint ConcGCThreads                            = 3                                         {product} {ergonomic}
     uint G1ConcRefinementThreads                  = 10                                        {product} {ergonomic}
   size_t G1HeapRegionSize                         = 1048576                                   {product} {ergonomic}
   size_t InitialHeapSize                          = 98566144                                  {product} {ergonomic}
   size_t MarkStackSize                            = 4194304                                   {product} {ergonomic}
   size_t MarkStackSizeMax                         = 536870912                                 {product} {ergonomic}
   size_t MaxHeapSize                              = 1572864000                                {product} {ergonomic}
   size_t MaxNewSize                               = 943718400                                 {product} {ergonomic}
   size_t MinHeapDeltaBytes                        = 1048576                                   {product} {ergonomic}
   size_t MinHeapSize                              = 8388608                                   {product} {ergonomic}
    uintx NonNMethodCodeHeapSize                   = 5832704                                {pd product} {ergonomic}
    uintx NonProfiledCodeHeapSize                  = 122945536                              {pd product} {ergonomic}
    uintx ProfiledCodeHeapSize                     = 122880000                              {pd product} {ergonomic}
    uintx ReservedCodeCacheSize                    = 251658240                              {pd product} {ergonomic}
     bool SegmentedCodeCache                       = true                                      {product} {ergonomic}
   size_t SoftMaxHeapSize                          = 1572864000                             {manageable} {ergonomic}
     bool UseCompressedOops                        = true                           {product lp64_product} {ergonomic}
     bool UseG1GC                                  = true                                      {product} {ergonomic}
     bool UseLargePagesIndividualAllocation        = false                                  {pd product} {ergonomic}

Logging:
Log output configuration:
 #0: stdout all=warning uptime,level,tags foldmultilines=false
 #1: stderr all=off uptime,level,tags foldmultilines=false

Environment Variables:
JAVA_HOME=C:\Program Files\Java\jdk-22
PATH=C:\Users\Sarthak\AppData\Local\Programs\Python\Python314\Scripts\;C:\Users\Sarthak\AppData\Local\Programs\Python\Python314\;c:\Users\Sarthak\AppData\Local\Programs\cursor\resources\app\bin;C:\Program Files\NVIDIA GPU Computing Toolkit\CUDA\v12.6\bin;C:\Program Files\NVIDIA GPU Computing Toolkit\CUDA\v12.6\libnvvp;C:\Python312\Scripts\;C:\Python312\;C:\Program Files\Common Files\Oracle\Java\javapath;C:\Windows\system32;C:\Windows;C:\Windows\System32\Wbem;C:\Windows\System32\WindowsPowerShell\v1.0\;C:\Windows\System32\OpenSSH\;C:\Program Files (x86)\NVIDIA Corporation\PhysX\Common;C:\Program Files\NVIDIA Corporation\NVIDIA NvDLISR;C:\WINDOWS;C:\WINDOWS\System32\Wbem;C:\WINDOWS\System32\WindowsPowerShell\v1.0\;C:\WINDOWS\System32\OpenSSH\;C:\apps\bin;C:\Program Files\Java\jdk-22\bin;C:\ProgramData\chocolatey\bin;C:\WINDOWS\system32;C:\Windows\System32;C:\Program Files\NVIDIA Corporation\Nsight Compute 2024.3.2\;C:\Program Files\CMake\bin;C:\Program Files\MySQL\MySQL Shell 8.0\bin\;C:\Users\Sarthak\AppData\Local\Microsoft\WindowsApps;C:\Program Files\nodejs;C:\Program Files\nodejs\node;C:\Program Files\Git\cmd;C:\Program Files\dotnet\;C:\Program Files\nodejs\;%ANDROID_HOME%\platform-tools;%ANDROID_HOME%\emulator;%ANDROID_HOME%\tools;%ANDROID_HOME%\tools\bin;C:\WINDOWS\system32;C:\WINDOWS;C:\WINDOWS\System32\Wbem;C:\WINDOWS\System32\WindowsPowerShell\v1.0\;C:\WINDOWS\System32\OpenSSH\;C:\Users\Sarthak\AppData\Local\Microsoft\WindowsApps;D:\Microsoft VS Code\bin;C:\Program Files\nodejs;C:\Program Files\nodejs\node_modules\npm\bin\npm-cli.js;C:\Users\Sarthak\AppData\Local\Programs\Microsoft VS Code\bin;C:\Users\Sarthak\AppData\Local\Pub\Cache\bin;C:\dart-sdk\bin;C:\Users\Sarthak\OneDrive\Downloads\gradle-8.9-all\gradle-8.9\bin;C:\Windows\System32;C:\MinGW\bin;C:\Program Files\JetBrains\IntelliJ IDEA 2024.3.2\bin;;C:\Users\Sarthak\AppData\Local\Programs\Python\Python314;C:\Users\Sarthak\AppData\Local\Programs\Python\Python314\Scripts\;C:\Users\Sarthak\AppData\Local\Programs\Python\Python311\Scripts;C:\Users\Sarthak\AppData\Local\Programs\Python\Python311\;C:\Program Files\JetBrains\IntelliJ IDEA Community Edition 2024.3.5\bin;;C:\Users\Sarthak\AppData\Roaming\npm;C:\flutter\bin;C:\Users\Sarthak\AppData\Local\Android\Sdk;C:\Users\Sarthak\AppData\Local\Programs\Python\Python313\;
USERNAME=Sarthak
OS=Windows_NT
PROCESSOR_IDENTIFIER=AMD64 Family 25 Model 80 Stepping 0, AuthenticAMD
TMP=C:\Users\Sarthak\AppData\Local\Temp
TEMP=C:\Users\Sarthak\AppData\Local\Temp




Periodic native trim disabled

---------------  S Y S T E M  ---------------

OS:
 Windows 11 , 64 bit Build 26100 (10.0.26100.7309)
OS uptime: 0 days 8:27 hours
Hyper-V role detected

CPU: total 12 (initial active 12) (12 cores per cpu, 2 threads per core) family 25 model 80 stepping 0 microcode 0xa50000c, cx8, cmov, fxsr, ht, mmx, 3dnowpref, sse, sse2, sse3, ssse3, sse4a, sse4.1, sse4.2, popcnt, lzcnt, tsc, tscinvbit, avx, avx2, aes, erms, clmul, bmi1, bmi2, adx, sha, fma, vzeroupper, clflush, clflushopt, hv, rdtscp, rdpid, fsrm, f16c, cet_ss
Processor Information for processor 0
  Max Mhz: 3301, Current Mhz: 2011, Mhz Limit: 3301
Processor Information for processor 1
  Max Mhz: 3301, Current Mhz: 2011, Mhz Limit: 3301
Processor Information for processor 2
  Max Mhz: 3301, Current Mhz: 3301, Mhz Limit: 3301
Processor Information for processor 3
  Max Mhz: 3301, Current Mhz: 2011, Mhz Limit: 3301
Processor Information for processor 4
  Max Mhz: 3301, Current Mhz: 2011, Mhz Limit: 3301
Processor Information for processor 5
  Max Mhz: 3301, Current Mhz: 2011, Mhz Limit: 3301
Processor Information for processor 6
  Max Mhz: 3301, Current Mhz: 2011, Mhz Limit: 3301
Processor Information for processor 7
  Max Mhz: 3301, Current Mhz: 3301, Mhz Limit: 3301
Processor Information for processor 8
  Max Mhz: 3301, Current Mhz: 3301, Mhz Limit: 3301
Processor Information for processor 9
  Max Mhz: 3301, Current Mhz: 3301, Mhz Limit: 3301
Processor Information for processor 10
  Max Mhz: 3301, Current Mhz: 3301, Mhz Limit: 3301
Processor Information for processor 11
  Max Mhz: 3301, Current Mhz: 3301, Mhz Limit: 3301

Memory: 4k page, system-wide physical 5996M (716M free)
TotalPageFile size 24428M (AvailPageFile size 4M)
current process WorkingSet (physical memory assigned to process): 29M, peak: 29M
current process commit charge ("private bytes"): 170M, peak: 170M

vm_info: Java HotSpot(TM) 64-Bit Server VM (23+37-2369) for windows-amd64 JRE (23+37-2369), built on 2024-08-20T16:01:23Z with MS VC++ 17.6 (VS2022)

END.
